  hw1.cpp
C:\Users\imr84\OneDrive\Desktop\csci420\assign1_coreOpenGL_starterCode (2)\assign1_coreOpenGL_starterCode\hw1-starterCode\hw1.cpp(121,52): warning C4244: 'argument': conversion from 'double' to 'float', possible loss of data
C:\Users\imr84\OneDrive\Desktop\csci420\assign1_coreOpenGL_starterCode (2)\assign1_coreOpenGL_starterCode\hw1-starterCode\hw1.cpp(121,24): warning C4244: 'argument': conversion from 'double' to 'float', possible loss of data
C:\Users\imr84\OneDrive\Desktop\csci420\assign1_coreOpenGL_starterCode (2)\assign1_coreOpenGL_starterCode\hw1-starterCode\hw1.cpp(120,81): warning C4244: 'argument': conversion from 'double' to 'float', possible loss of data
C:\Users\imr84\OneDrive\Desktop\csci420\assign1_coreOpenGL_starterCode (2)\assign1_coreOpenGL_starterCode\hw1-starterCode\hw1.cpp(120,56): warning C4244: 'argument': conversion from 'double' to 'float', possible loss of data
C:\Users\imr84\OneDrive\Desktop\csci420\assign1_coreOpenGL_starterCode (2)\assign1_coreOpenGL_starterCode\hw1-starterCode\hw1.cpp(120,34): warning C4244: 'argument': conversion from 'double' to 'float', possible loss of data
C:\Users\imr84\OneDrive\Desktop\csci420\assign1_coreOpenGL_starterCode (2)\assign1_coreOpenGL_starterCode\hw1-starterCode\hw1.cpp(394,52): warning C4244: '=': conversion from 'double' to 'float', possible loss of data
C:\Users\imr84\OneDrive\Desktop\csci420\assign1_coreOpenGL_starterCode (2)\assign1_coreOpenGL_starterCode\hw1-starterCode\hw1.cpp(403,17): warning C4244: 'initializing': conversion from 'double' to 'float', possible loss of data
C:\Users\imr84\OneDrive\Desktop\csci420\assign1_coreOpenGL_starterCode (2)\assign1_coreOpenGL_starterCode\hw1-starterCode\hw1.cpp(404,27): warning C4244: '=': conversion from 'float' to 'int', possible loss of data
C:\Users\imr84\OneDrive\Desktop\csci420\assign1_coreOpenGL_starterCode (2)\assign1_coreOpenGL_starterCode\hw1-starterCode\hw1.cpp(418,55): warning C4244: 'argument': conversion from 'double' to '_Ty', possible loss of data
          with
          [
              _Ty=float
          ]
C:\Users\imr84\OneDrive\Desktop\csci420\assign1_coreOpenGL_starterCode (2)\assign1_coreOpenGL_starterCode\hw1-starterCode\hw1.cpp(419,57): warning C4244: 'argument': conversion from 'double' to '_Ty', possible loss of data
          with
          [
              _Ty=float
          ]
C:\Users\imr84\OneDrive\Desktop\csci420\assign1_coreOpenGL_starterCode (2)\assign1_coreOpenGL_starterCode\hw1-starterCode\hw1.cpp(420,56): warning C4244: 'argument': conversion from 'double' to '_Ty', possible loss of data
          with
          [
              _Ty=float
          ]
C:\Users\imr84\OneDrive\Desktop\csci420\assign1_coreOpenGL_starterCode (2)\assign1_coreOpenGL_starterCode\hw1-starterCode\hw1.cpp(430,58): warning C4244: 'argument': conversion from 'double' to '_Ty', possible loss of data
          with
          [
              _Ty=float
          ]
C:\Users\imr84\OneDrive\Desktop\csci420\assign1_coreOpenGL_starterCode (2)\assign1_coreOpenGL_starterCode\hw1-starterCode\hw1.cpp(431,60): warning C4244: 'argument': conversion from 'double' to '_Ty', possible loss of data
          with
          [
              _Ty=float
          ]
C:\Users\imr84\OneDrive\Desktop\csci420\assign1_coreOpenGL_starterCode (2)\assign1_coreOpenGL_starterCode\hw1-starterCode\hw1.cpp(432,59): warning C4244: 'argument': conversion from 'double' to '_Ty', possible loss of data
          with
          [
              _Ty=float
          ]
C:\Users\imr84\OneDrive\Desktop\csci420\assign1_coreOpenGL_starterCode (2)\assign1_coreOpenGL_starterCode\hw1-starterCode\hw1.cpp(444,62): warning C4244: 'argument': conversion from 'double' to '_Ty', possible loss of data
          with
          [
              _Ty=float
          ]
C:\Users\imr84\OneDrive\Desktop\csci420\assign1_coreOpenGL_starterCode (2)\assign1_coreOpenGL_starterCode\hw1-starterCode\hw1.cpp(445,64): warning C4244: 'argument': conversion from 'double' to '_Ty', possible loss of data
          with
          [
              _Ty=float
          ]
C:\Users\imr84\OneDrive\Desktop\csci420\assign1_coreOpenGL_starterCode (2)\assign1_coreOpenGL_starterCode\hw1-starterCode\hw1.cpp(446,63): warning C4244: 'argument': conversion from 'double' to '_Ty', possible loss of data
          with
          [
              _Ty=float
          ]
C:\Users\imr84\OneDrive\Desktop\csci420\assign1_coreOpenGL_starterCode (2)\assign1_coreOpenGL_starterCode\hw1-starterCode\hw1.cpp(460,58): warning C4244: 'argument': conversion from 'double' to '_Ty', possible loss of data
          with
          [
              _Ty=float
          ]
C:\Users\imr84\OneDrive\Desktop\csci420\assign1_coreOpenGL_starterCode (2)\assign1_coreOpenGL_starterCode\hw1-starterCode\hw1.cpp(461,60): warning C4244: 'argument': conversion from 'double' to '_Ty', possible loss of data
          with
          [
              _Ty=float
          ]
C:\Users\imr84\OneDrive\Desktop\csci420\assign1_coreOpenGL_starterCode (2)\assign1_coreOpenGL_starterCode\hw1-starterCode\hw1.cpp(462,59): warning C4244: 'argument': conversion from 'double' to '_Ty', possible loss of data
          with
          [
              _Ty=float
          ]
C:\Users\imr84\OneDrive\Desktop\csci420\assign1_coreOpenGL_starterCode (2)\assign1_coreOpenGL_starterCode\hw1-starterCode\hw1.cpp(474,62): warning C4244: 'argument': conversion from 'double' to '_Ty', possible loss of data
          with
          [
              _Ty=float
          ]
C:\Users\imr84\OneDrive\Desktop\csci420\assign1_coreOpenGL_starterCode (2)\assign1_coreOpenGL_starterCode\hw1-starterCode\hw1.cpp(475,64): warning C4244: 'argument': conversion from 'double' to '_Ty', possible loss of data
          with
          [
              _Ty=float
          ]
C:\Users\imr84\OneDrive\Desktop\csci420\assign1_coreOpenGL_starterCode (2)\assign1_coreOpenGL_starterCode\hw1-starterCode\hw1.cpp(476,63): warning C4244: 'argument': conversion from 'double' to '_Ty', possible loss of data
          with
          [
              _Ty=float
          ]
C:\Users\imr84\OneDrive\Desktop\csci420\assign1_coreOpenGL_starterCode (2)\assign1_coreOpenGL_starterCode\hw1-starterCode\hw1.cpp(554,50): warning C4244: 'argument': conversion from 'double' to '_Ty', possible loss of data
          with
          [
              _Ty=float
          ]
C:\Users\imr84\OneDrive\Desktop\csci420\assign1_coreOpenGL_starterCode (2)\assign1_coreOpenGL_starterCode\hw1-starterCode\hw1.cpp(555,52): warning C4244: 'argument': conversion from 'double' to '_Ty', possible loss of data
          with
          [
              _Ty=float
          ]
C:\Users\imr84\OneDrive\Desktop\csci420\assign1_coreOpenGL_starterCode (2)\assign1_coreOpenGL_starterCode\hw1-starterCode\hw1.cpp(556,51): warning C4244: 'argument': conversion from 'double' to '_Ty', possible loss of data
          with
          [
              _Ty=float
          ]
C:\Users\imr84\OneDrive\Desktop\csci420\assign1_coreOpenGL_starterCode (2)\assign1_coreOpenGL_starterCode\hw1-starterCode\hw1.cpp(570,67): warning C4244: 'argument': conversion from 'double' to '_Ty', possible loss of data
          with
          [
              _Ty=float
          ]
C:\Users\imr84\OneDrive\Desktop\csci420\assign1_coreOpenGL_starterCode (2)\assign1_coreOpenGL_starterCode\hw1-starterCode\hw1.cpp(571,69): warning C4244: 'argument': conversion from 'double' to '_Ty', possible loss of data
          with
          [
              _Ty=float
          ]
C:\Users\imr84\OneDrive\Desktop\csci420\assign1_coreOpenGL_starterCode (2)\assign1_coreOpenGL_starterCode\hw1-starterCode\hw1.cpp(572,68): warning C4244: 'argument': conversion from 'double' to '_Ty', possible loss of data
          with
          [
              _Ty=float
          ]
C:\Users\imr84\OneDrive\Desktop\csci420\assign1_coreOpenGL_starterCode (2)\assign1_coreOpenGL_starterCode\hw1-starterCode\hw1.cpp(579,64): warning C4244: 'argument': conversion from 'double' to '_Ty', possible loss of data
          with
          [
              _Ty=float
          ]
C:\Users\imr84\OneDrive\Desktop\csci420\assign1_coreOpenGL_starterCode (2)\assign1_coreOpenGL_starterCode\hw1-starterCode\hw1.cpp(580,66): warning C4244: 'argument': conversion from 'double' to '_Ty', possible loss of data
          with
          [
              _Ty=float
          ]
C:\Users\imr84\OneDrive\Desktop\csci420\assign1_coreOpenGL_starterCode (2)\assign1_coreOpenGL_starterCode\hw1-starterCode\hw1.cpp(581,65): warning C4244: 'argument': conversion from 'double' to '_Ty', possible loss of data
          with
          [
              _Ty=float
          ]
C:\Users\imr84\OneDrive\Desktop\csci420\assign1_coreOpenGL_starterCode (2)\assign1_coreOpenGL_starterCode\hw1-starterCode\hw1.cpp(596,67): warning C4244: 'argument': conversion from 'double' to '_Ty', possible loss of data
          with
          [
              _Ty=float
          ]
C:\Users\imr84\OneDrive\Desktop\csci420\assign1_coreOpenGL_starterCode (2)\assign1_coreOpenGL_starterCode\hw1-starterCode\hw1.cpp(597,69): warning C4244: 'argument': conversion from 'double' to '_Ty', possible loss of data
          with
          [
              _Ty=float
          ]
C:\Users\imr84\OneDrive\Desktop\csci420\assign1_coreOpenGL_starterCode (2)\assign1_coreOpenGL_starterCode\hw1-starterCode\hw1.cpp(598,68): warning C4244: 'argument': conversion from 'double' to '_Ty', possible loss of data
          with
          [
              _Ty=float
          ]
C:\Users\imr84\OneDrive\Desktop\csci420\assign1_coreOpenGL_starterCode (2)\assign1_coreOpenGL_starterCode\hw1-starterCode\hw1.cpp(605,66): warning C4244: 'argument': conversion from 'double' to '_Ty', possible loss of data
          with
          [
              _Ty=float
          ]
C:\Users\imr84\OneDrive\Desktop\csci420\assign1_coreOpenGL_starterCode (2)\assign1_coreOpenGL_starterCode\hw1-starterCode\hw1.cpp(606,68): warning C4244: 'argument': conversion from 'double' to '_Ty', possible loss of data
          with
          [
              _Ty=float
          ]
C:\Users\imr84\OneDrive\Desktop\csci420\assign1_coreOpenGL_starterCode (2)\assign1_coreOpenGL_starterCode\hw1-starterCode\hw1.cpp(607,67): warning C4244: 'argument': conversion from 'double' to '_Ty', possible loss of data
          with
          [
              _Ty=float
          ]
C:\Users\imr84\OneDrive\Desktop\csci420\assign1_coreOpenGL_starterCode (2)\assign1_coreOpenGL_starterCode\hw1-starterCode\hw1.cpp(619,50): warning C4244: 'argument': conversion from 'double' to '_Ty', possible loss of data
          with
          [
              _Ty=float
          ]
C:\Users\imr84\OneDrive\Desktop\csci420\assign1_coreOpenGL_starterCode (2)\assign1_coreOpenGL_starterCode\hw1-starterCode\hw1.cpp(620,52): warning C4244: 'argument': conversion from 'double' to '_Ty', possible loss of data
          with
          [
              _Ty=float
          ]
C:\Users\imr84\OneDrive\Desktop\csci420\assign1_coreOpenGL_starterCode (2)\assign1_coreOpenGL_starterCode\hw1-starterCode\hw1.cpp(621,51): warning C4244: 'argument': conversion from 'double' to '_Ty', possible loss of data
          with
          [
              _Ty=float
          ]
C:\Users\imr84\OneDrive\Desktop\csci420\assign1_coreOpenGL_starterCode (2)\assign1_coreOpenGL_starterCode\hw1-starterCode\hw1.cpp(644,55): warning C4244: 'argument': conversion from 'double' to '_Ty', possible loss of data
          with
          [
              _Ty=float
          ]
C:\Users\imr84\OneDrive\Desktop\csci420\assign1_coreOpenGL_starterCode (2)\assign1_coreOpenGL_starterCode\hw1-starterCode\hw1.cpp(645,57): warning C4244: 'argument': conversion from 'double' to '_Ty', possible loss of data
          with
          [
              _Ty=float
          ]
C:\Users\imr84\OneDrive\Desktop\csci420\assign1_coreOpenGL_starterCode (2)\assign1_coreOpenGL_starterCode\hw1-starterCode\hw1.cpp(646,56): warning C4244: 'argument': conversion from 'double' to '_Ty', possible loss of data
          with
          [
              _Ty=float
          ]
C:\Users\imr84\OneDrive\Desktop\csci420\assign1_coreOpenGL_starterCode (2)\assign1_coreOpenGL_starterCode\hw1-starterCode\hw1.cpp(709,60): warning C4244: 'argument': conversion from 'double' to '_Ty', possible loss of data
          with
          [
              _Ty=float
          ]
C:\Users\imr84\OneDrive\Desktop\csci420\assign1_coreOpenGL_starterCode (2)\assign1_coreOpenGL_starterCode\hw1-starterCode\hw1.cpp(710,62): warning C4244: 'argument': conversion from 'double' to '_Ty', possible loss of data
          with
          [
              _Ty=float
          ]
C:\Users\imr84\OneDrive\Desktop\csci420\assign1_coreOpenGL_starterCode (2)\assign1_coreOpenGL_starterCode\hw1-starterCode\hw1.cpp(711,52): warning C4244: 'argument': conversion from 'double' to '_Ty', possible loss of data
          with
          [
              _Ty=float
          ]
C:\Users\imr84\OneDrive\Desktop\csci420\assign1_coreOpenGL_starterCode (2)\assign1_coreOpenGL_starterCode\hw1-starterCode\hw1.cpp(773,57): warning C4244: 'argument': conversion from 'double' to '_Ty', possible loss of data
          with
          [
              _Ty=float
          ]
C:\Users\imr84\OneDrive\Desktop\csci420\assign1_coreOpenGL_starterCode (2)\assign1_coreOpenGL_starterCode\hw1-starterCode\hw1.cpp(774,59): warning C4244: 'argument': conversion from 'double' to '_Ty', possible loss of data
          with
          [
              _Ty=float
          ]
C:\Users\imr84\OneDrive\Desktop\csci420\assign1_coreOpenGL_starterCode (2)\assign1_coreOpenGL_starterCode\hw1-starterCode\hw1.cpp(775,58): warning C4244: 'argument': conversion from 'double' to '_Ty', possible loss of data
          with
          [
              _Ty=float
          ]
C:\Users\imr84\OneDrive\Desktop\csci420\assign1_coreOpenGL_starterCode (2)\assign1_coreOpenGL_starterCode\hw1-starterCode\hw1.cpp(839,53): warning C4244: 'argument': conversion from 'double' to '_Ty', possible loss of data
          with
          [
              _Ty=float
          ]
C:\Users\imr84\OneDrive\Desktop\csci420\assign1_coreOpenGL_starterCode (2)\assign1_coreOpenGL_starterCode\hw1-starterCode\hw1.cpp(840,55): warning C4244: 'argument': conversion from 'double' to '_Ty', possible loss of data
          with
          [
              _Ty=float
          ]
C:\Users\imr84\OneDrive\Desktop\csci420\assign1_coreOpenGL_starterCode (2)\assign1_coreOpenGL_starterCode\hw1-starterCode\hw1.cpp(841,54): warning C4244: 'argument': conversion from 'double' to '_Ty', possible loss of data
          with
          [
              _Ty=float
          ]
C:\Users\imr84\OneDrive\Desktop\csci420\assign1_coreOpenGL_starterCode (2)\assign1_coreOpenGL_starterCode\hw1-starterCode\hw1.cpp(905,60): warning C4244: 'argument': conversion from 'double' to '_Ty', possible loss of data
          with
          [
              _Ty=float
          ]
C:\Users\imr84\OneDrive\Desktop\csci420\assign1_coreOpenGL_starterCode (2)\assign1_coreOpenGL_starterCode\hw1-starterCode\hw1.cpp(906,62): warning C4244: 'argument': conversion from 'double' to '_Ty', possible loss of data
          with
          [
              _Ty=float
          ]
C:\Users\imr84\OneDrive\Desktop\csci420\assign1_coreOpenGL_starterCode (2)\assign1_coreOpenGL_starterCode\hw1-starterCode\hw1.cpp(907,61): warning C4244: 'argument': conversion from 'double' to '_Ty', possible loss of data
          with
          [
              _Ty=float
          ]
C:\Users\imr84\OneDrive\Desktop\csci420\assign1_coreOpenGL_starterCode (2)\assign1_coreOpenGL_starterCode\hw1-starterCode\hw1.cpp(968,57): warning C4244: 'argument': conversion from 'double' to '_Ty', possible loss of data
          with
          [
              _Ty=float
          ]
C:\Users\imr84\OneDrive\Desktop\csci420\assign1_coreOpenGL_starterCode (2)\assign1_coreOpenGL_starterCode\hw1-starterCode\hw1.cpp(969,59): warning C4244: 'argument': conversion from 'double' to '_Ty', possible loss of data
          with
          [
              _Ty=float
          ]
C:\Users\imr84\OneDrive\Desktop\csci420\assign1_coreOpenGL_starterCode (2)\assign1_coreOpenGL_starterCode\hw1-starterCode\hw1.cpp(970,58): warning C4244: 'argument': conversion from 'double' to '_Ty', possible loss of data
          with
          [
              _Ty=float
          ]
  jpeg.lib(jerror.obj) : MSIL .netmodule or module compiled with /GL found; restarting link with /LTCG; add /LTCG to the link command line to improve linker performance
LINK : warning LNK4075: ignoring '/INCREMENTAL' due to '/LTCG' specification
LINK : warning LNK4098: defaultlib 'MSVCRT' conflicts with use of other libs; use /NODEFAULTLIB:library
  Generating code
  Finished generating code
  hw1.vcxproj -> C:\Users\imr84\OneDrive\Desktop\csci420\assign1_coreOpenGL_starterCode (2)\assign1_coreOpenGL_starterCode\hw1-starterCode\Bin\Debug\hw1.exe
